8:50:00 PM [express] serving on 0.0.0.0:5000
9:07:47 PM [express] POST /api/ai/generate-summary 500 in 843ms :: {"message":"Failed to generate pr…
9:07:55 PM [express] POST /api/ai/analyze-ats 500 in 727ms :: {"message":"Failed to analyze resume f…
9:07:57 PM [express] POST /api/ai/analyze-ats 500 in 934ms :: {"message":"Failed to analyze resume f…
9:07:58 PM [express] POST /api/ai/analyze-ats 500 in 487ms :: {"message":"Failed to analyze resume f…
9:08:00 PM [express] POST /api/resumes 400 in 7ms :: {"message":"[\n  {\n    \"validation\": \"email…
9:08:01 PM [express] POST /api/ai/analyze-ats 500 in 342ms :: {"message":"Failed to analyze resume f…
9:08:03 PM [express] POST /api/resumes 400 in 2ms :: {"message":"[\n  {\n    \"code\": \"too_small\"…
9:08:03 PM [express] POST /api/ai/analyze-ats 500 in 356ms :: {"message":"Failed to analyze resume f…
9:08:05 PM [express] POST /api/resumes 400 in 1ms :: {"message":"[\n  {\n    \"code\": \"too_small\"…
9:08:06 PM [express] POST /api/ai/analyze-ats 500 in 690ms :: {"message":"Failed to analyze resume f…
9:08:07 PM [express] POST /api/resumes 400 in 1ms :: {"message":"[\n  {\n    \"code\": \"too_small\"…
9:08:09 PM [express] POST /api/resumes 400 in 2ms :: {"message":"[\n  {\n    \"code\": \"too_small\"…
9:08:11 PM [express] POST /api/resumes 400 in 1ms :: {"message":"[\n  {\n    \"code\": \"too_small\"…
9:08:12 PM [express] POST /api/ai/generate-summary 500 in 1089ms :: {"message":"Failed to generate p…
9:08:13 PM [express] POST /api/resumes 400 in 1ms :: {"message":"[\n  {\n    \"code\": \"too_small\"…
9:08:15 PM [express] POST /api/resumes 400 in 1ms :: {"message":"[\n  {\n    \"code\": \"too_small\"…
9:08:17 PM [express] POST /api/resumes 400 in 1ms :: {"message":"[\n  {\n    \"code\": \"too_small\"…
9:08:20 PM [express] POST /api/resumes 400 in 1ms :: {"message":"[\n  {\n    \"code\": \"too_small\"…
9:08:22 PM [express] POST /api/resumes 400 in 1ms :: {"message":"[\n  {\n    \"code\": \"too_small\"…
9:08:24 PM [express] POST /api/resumes 400 in 1ms :: {"message":"[\n  {\n    \"code\": \"too_small\"…
9:08:26 PM [express] POST /api/resumes 400 in 1ms :: {"message":"[\n  {\n    \"code\": \"too_small\"…
9:08:28 PM [express] POST /api/resumes 400 in 1ms :: {"message":"[\n  {\n    \"code\": \"too_small\"…
9:08:30 PM [express] POST /api/resumes 400 in 1ms :: {"message":"[\n  {\n    \"code\": \"too_small\"…
9:08:32 PM [express] POST /api/resumes 400 in 1ms :: {"message":"[\n  {\n    \"code\": \"too_small\"…
9:08:34 PM [express] POST /api/resumes 400 in 1ms :: {"message":"[\n  {\n    \"code\": \"too_small\"…
9:08:36 PM [express] POST /api/resumes 400 in 1ms :: {"message":"[\n  {\n    \"code\": \"too_small\"…
9:08:38 PM [express] POST /api/resumes 400 in 1ms :: {"message":"[\n  {\n    \"code\": \"too_small\"…
9:08:40 PM [express] POST /api/resumes 400 in 2ms :: {"message":"[\n  {\n    \"code\": \"too_small\"…
9:08:42 PM [express] POST /api/resumes 400 in 2ms :: {"message":"[\n  {\n    \"code\": \"too_small\"…
9:08:44 PM [express] POST /api/resumes 400 in 0ms :: {"message":"[\n  {\n    \"code\": \"too_small\"…
9:08:46 PM [express] POST /api/resumes 400 in 1ms :: {"message":"[\n  {\n    \"code\": \"too_small\"…
9:08:48 PM [express] POST /api/resumes 400 in 1ms :: {"message":"[\n  {\n    \"code\": \"too_small\"…
9:08:50 PM [express] POST /api/resumes 400 in 2ms :: {"message":"[\n  {\n    \"code\": \"too_small\"…
9:08:52 PM [express] POST /api/resumes 400 in 2ms :: {"message":"[\n  {\n    \"code\": \"too_small\"…
9:08:54 PM [express] POST /api/resumes 400 in 1ms :: {"message":"[\n  {\n    \"code\": \"too_small\"…
9:08:57 PM [express] POST /api/resumes 400 in 1ms :: {"message":"[\n  {\n    \"code\": \"too_small\"…
9:09:00 PM [express] POST /api/resumes 400 in 1ms :: {"message":"[\n  {\n    \"code\": \"too_small\"…
9:09:03 PM [express] POST /api/resumes 400 in 1ms :: {"message":"[\n  {\n    \"code\": \"too_small\"…
9:09:06 PM [express] POST /api/resumes 400 in 1ms :: {"message":"[\n  {\n    \"code\": \"too_small\"…
9:09:09 PM [express] POST /api/resumes 400 in 1ms :: {"message":"[\n  {\n    \"code\": \"too_small\"…
9:09:12 PM [express] POST /api/resumes 400 in 1ms :: {"message":"[\n  {\n    \"code\": \"too_small\"…
9:09:15 PM [express] POST /api/resumes 400 in 1ms :: {"message":"[\n  {\n    \"code\": \"too_small\"…
9:09:18 PM [express] POST /api/resumes 400 in 1ms :: {"message":"[\n  {\n    \"code\": \"too_small\"…
9:09:21 PM [express] POST /api/resumes 400 in 1ms :: {"message":"[\n  {\n    \"code\": \"too_small\"…
9:09:24 PM [express] POST /api/resumes 400 in 0ms :: {"message":"[\n  {\n    \"code\": \"too_small\"…
9:09:27 PM [express] POST /api/resumes 400 in 1ms :: {"message":"[\n  {\n    \"code\": \"too_small\"…
9:09:30 PM [express] POST /api/resumes 400 in 1ms :: {"message":"[\n  {\n    \"code\": \"too_small\"…
9:09:33 PM [express] POST /api/resumes 400 in 2ms :: {"message":"[\n  {\n    \"code\": \"too_small\"…
9:09:36 PM [express] POST /api/resumes 400 in 1ms :: {"message":"[\n  {\n    \"code\": \"too_small\"…
9:09:39 PM [express] POST /api/resumes 400 in 1ms :: {"message":"[\n  {\n    \"code\": \"too_small\"…
9:09:42 PM [express] POST /api/resumes 400 in 1ms :: {"message":"[\n  {\n    \"code\": \"too_small\"…
9:09:45 PM [express] POST /api/resumes 400 in 2ms :: {"message":"[\n  {\n    \"code\": \"too_small\"…
9:09:48 PM [express] POST /api/resumes 400 in 1ms :: {"message":"[\n  {\n    \"code\": \"too_small\"…
9:09:51 PM [express] POST /api/resumes 400 in 1ms :: {"message":"[\n  {\n    \"code\": \"too_small\"…
9:09:54 PM [express] POST /api/resumes 400 in 2ms :: {"message":"[\n  {\n    \"code\": \"too_small\"…
9:09:57 PM [express] POST /api/resumes 400 in 2ms :: {"message":"[\n  {\n    \"code\": \"too_small\"…
9:10:00 PM [express] POST /api/resumes 400 in 2ms :: {"message":"[\n  {\n    \"code\": \"too_small\"…
9:10:03 PM [express] POST /api/resumes 400 in 1ms :: {"message":"[\n  {\n    \"code\": \"too_small\"…
9:10:06 PM [express] POST /api/resumes 400 in 2ms :: {"message":"[\n  {\n    \"code\": \"too_small\"…
9:10:09 PM [express] POST /api/resumes 400 in 1ms :: {"message":"[\n  {\n    \"code\": \"too_small\"…
9:10:12 PM [express] POST /api/resumes 400 in 1ms :: {"message":"[\n  {\n    \"code\": \"too_small\"…
9:10:15 PM [express] POST /api/resumes 400 in 1ms :: {"message":"[\n  {\n    \"code\": \"too_small\"…
9:10:18 PM [express] POST /api/resumes 400 in 1ms :: {"message":"[\n  {\n    \"code\": \"too_small\"…
9:10:21 PM [express] POST /api/resumes 400 in 1ms :: {"message":"[\n  {\n    \"code\": \"too_small\"…
9:10:24 PM [express] POST /api/resumes 400 in 2ms :: {"message":"[\n  {\n    \"code\": \"too_small\"…
9:10:27 PM [express] POST /api/resumes 400 in 2ms :: {"message":"[\n  {\n    \"code\": \"too_small\"…
9:10:30 PM [express] POST /api/resumes 400 in 3ms :: {"message":"[\n  {\n    \"code\": \"too_small\"…
9:10:33 PM [express] POST /api/resumes 400 in 1ms :: {"message":"[\n  {\n    \"code\": \"too_small\"…
9:10:36 PM [express] POST /api/resumes 400 in 2ms :: {"message":"[\n  {\n    \"code\": \"too_small\"…
9:10:39 PM [express] POST /api/resumes 400 in 1ms :: {"message":"[\n  {\n    \"code\": \"too_small\"…
9:10:42 PM [express] POST /api/resumes 400 in 2ms :: {"message":"[\n  {\n    \"code\": \"too_small\"…
9:10:45 PM [express] POST /api/resumes 400 in 1ms :: {"message":"[\n  {\n    \"code\": \"too_small\"…
9:10:48 PM [express] POST /api/resumes 400 in 2ms :: {"message":"[\n  {\n    \"code\": \"too_small\"…
9:10:51 PM [express] POST /api/resumes 400 in 1ms :: {"message":"[\n  {\n    \"code\": \"too_small\"…
9:10:54 PM [express] POST /api/resumes 400 in 2ms :: {"message":"[\n  {\n    \"code\": \"too_small\"…
9:10:57 PM [express] POST /api/resumes 400 in 2ms :: {"message":"[\n  {\n    \"code\": \"too_small\"…
9:11:00 PM [express] POST /api/resumes 400 in 2ms :: {"message":"[\n  {\n    \"code\": \"too_small\"…
9:11:03 PM [express] POST /api/resumes 400 in 1ms :: {"message":"[\n  {\n    \"code\": \"too_small\"…
9:11:06 PM [express] POST /api/resumes 400 in 1ms :: {"message":"[\n  {\n    \"code\": \"too_small\"…
9:11:09 PM [express] POST /api/resumes 400 in 1ms :: {"message":"[\n  {\n    \"code\": \"too_small\"…
9:11:12 PM [express] POST /api/resumes 400 in 1ms :: {"message":"[\n  {\n    \"code\": \"too_small\"…
9:11:15 PM [express] POST /api/resumes 400 in 1ms :: {"message":"[\n  {\n    \"code\": \"too_small\"…
9:11:18 PM [express] POST /api/resumes 400 in 2ms :: {"message":"[\n  {\n    \"code\": \"too_small\"…
9:11:21 PM [express] POST /api/resumes 400 in 2ms :: {"message":"[\n  {\n    \"code\": \"too_small\"…
9:11:24 PM [express] POST /api/resumes 400 in 1ms :: {"message":"[\n  {\n    \"code\": \"too_small\"…
9:11:27 PM [express] POST /api/resumes 400 in 2ms :: {"message":"[\n  {\n    \"code\": \"too_small\"…
9:11:30 PM [express] POST /api/resumes 400 in 2ms :: {"message":"[\n  {\n    \"code\": \"too_small\"…
9:11:33 PM [express] POST /api/resumes 400 in 2ms :: {"message":"[\n  {\n    \"code\": \"too_small\"…
9:11:36 PM [express] POST /api/resumes 400 in 2ms :: {"message":"[\n  {\n    \"code\": \"too_small\"…
9:11:39 PM [express] POST /api/resumes 400 in 1ms :: {"message":"[\n  {\n    \"code\": \"too_small\"…
9:11:42 PM [express] POST /api/resumes 400 in 1ms :: {"message":"[\n  {\n    \"code\": \"too_small\"…
9:11:45 PM [express] POST /api/resumes 400 in 1ms :: {"message":"[\n  {\n    \"code\": \"too_small\"…
9:11:48 PM [express] POST /api/resumes 400 in 2ms :: {"message":"[\n  {\n    \"code\": \"too_small\"…
9:11:51 PM [express] POST /api/resumes 400 in 1ms :: {"message":"[\n  {\n    \"code\": \"too_small\"…
9:11:54 PM [express] POST /api/resumes 400 in 1ms :: {"message":"[\n  {\n    \"code\": \"too_small\"…
9:11:57 PM [express] POST /api/resumes 400 in 2ms :: {"message":"[\n  {\n    \"code\": \"too_small\"…
9:12:00 PM [express] POST /api/resumes 400 in 1ms :: {"message":"[\n  {\n    \"code\": \"too_small\"…
9:12:03 PM [express] POST /api/resumes 400 in 2ms :: {"message":"[\n  {\n    \"code\": \"too_small\"…
9:12:06 PM [express] POST /api/resumes 400 in 2ms :: {"message":"[\n  {\n    \"code\": \"too_small\"…
9:12:09 PM [express] POST /api/resumes 400 in 2ms :: {"message":"[\n  {\n    \"code\": \"too_small\"…
9:12:12 PM [express] POST /api/resumes 400 in 2ms :: {"message":"[\n  {\n    \"code\": \"too_small\"…
9:12:15 PM [express] POST /api/resumes 400 in 1ms :: {"message":"[\n  {\n    \"code\": \"too_small\"…
9:12:18 PM [express] POST /api/resumes 400 in 2ms :: {"message":"[\n  {\n    \"code\": \"too_small\"…
9:12:21 PM [express] POST /api/resumes 400 in 2ms :: {"message":"[\n  {\n    \"code\": \"too_small\"…
9:12:24 PM [express] POST /api/resumes 400 in 2ms :: {"message":"[\n  {\n    \"code\": \"too_small\"…
9:12:27 PM [express] POST /api/resumes 400 in 2ms :: {"message":"[\n  {\n    \"code\": \"too_small\"…
9:12:30 PM [express] POST /api/resumes 400 in 1ms :: {"message":"[\n  {\n    \"code\": \"too_small\"…
9:12:33 PM [express] POST /api/resumes 400 in 1ms :: {"message":"[\n  {\n    \"code\": \"too_small\"…
9:12:36 PM [express] POST /api/resumes 400 in 2ms :: {"message":"[\n  {\n    \"code\": \"too_small\"…
9:12:39 PM [express] POST /api/resumes 400 in 2ms :: {"message":"[\n  {\n    \"code\": \"too_small\"…
9:12:42 PM [express] POST /api/resumes 400 in 2ms :: {"message":"[\n  {\n    \"code\": \"too_small\"…
9:12:45 PM [express] POST /api/resumes 400 in 1ms :: {"message":"[\n  {\n    \"code\": \"too_small\"…
9:12:48 PM [express] POST /api/resumes 400 in 2ms :: {"message":"[\n  {\n    \"code\": \"too_small\"…
9:12:51 PM [express] POST /api/resumes 400 in 2ms :: {"message":"[\n  {\n    \"code\": \"too_small\"…
9:12:54 PM [express] POST /api/resumes 400 in 2ms :: {"message":"[\n  {\n    \"code\": \"too_small\"…
9:12:57 PM [express] POST /api/resumes 400 in 1ms :: {"message":"[\n  {\n    \"code\": \"too_small\"…
9:13:00 PM [express] POST /api/resumes 400 in 1ms :: {"message":"[\n  {\n    \"code\": \"too_small\"…
9:13:03 PM [express] POST /api/resumes 400 in 1ms :: {"message":"[\n  {\n    \"code\": \"too_small\"…
9:13:06 PM [express] POST /api/resumes 400 in 1ms :: {"message":"[\n  {\n    \"code\": \"too_small\"…
9:13:09 PM [express] POST /api/resumes 400 in 1ms :: {"message":"[\n  {\n    \"code\": \"too_small\"…
9:13:12 PM [express] POST /api/resumes 400 in 1ms :: {"message":"[\n  {\n    \"code\": \"too_small\"…
9:13:15 PM [express] POST /api/resumes 400 in 1ms :: {"message":"[\n  {\n    \"code\": \"too_small\"…
9:13:18 PM [express] POST /api/resumes 400 in 2ms :: {"message":"[\n  {\n    \"code\": \"too_small\"…
9:13:21 PM [express] POST /api/resumes 400 in 1ms :: {"message":"[\n  {\n    \"code\": \"too_small\"…
9:13:24 PM [express] POST /api/resumes 400 in 1ms :: {"message":"[\n  {\n    \"code\": \"too_small\"…
9:13:27 PM [express] POST /api/resumes 400 in 1ms :: {"message":"[\n  {\n    \"code\": \"too_small\"…
9:13:30 PM [express] POST /api/resumes 400 in 1ms :: {"message":"[\n  {\n    \"code\": \"too_small\"…
9:13:33 PM [express] POST /api/resumes 400 in 2ms :: {"message":"[\n  {\n    \"code\": \"too_small\"…
9:13:36 PM [express] POST /api/resumes 400 in 1ms :: {"message":"[\n  {\n    \"code\": \"too_small\"…
9:13:39 PM [express] POST /api/resumes 400 in 1ms :: {"message":"[\n  {\n    \"code\": \"too_small\"…
9:13:42 PM [express] POST /api/resumes 400 in 0ms :: {"message":"[\n  {\n    \"code\": \"too_small\"…
9:13:45 PM [express] POST /api/resumes 400 in 1ms :: {"message":"[\n  {\n    \"code\": \"too_small\"…
9:13:48 PM [express] POST /api/resumes 400 in 1ms :: {"message":"[\n  {\n    \"code\": \"too_small\"…
9:13:51 PM [express] POST /api/resumes 400 in 1ms :: {"message":"[\n  {\n    \"code\": \"too_small\"…
9:13:54 PM [express] POST /api/resumes 400 in 2ms :: {"message":"[\n  {\n    \"code\": \"too_small\"…
9:13:57 PM [express] POST /api/resumes 400 in 1ms :: {"message":"[\n  {\n    \"code\": \"too_small\"…
9:14:00 PM [express] POST /api/resumes 400 in 1ms :: {"message":"[\n  {\n    \"code\": \"too_small\"…
9:14:03 PM [express] POST /api/resumes 400 in 1ms :: {"message":"[\n  {\n    \"code\": \"too_small\"…
9:14:06 PM [express] POST /api/resumes 400 in 1ms :: {"message":"[\n  {\n    \"code\": \"too_small\"…
9:14:09 PM [express] POST /api/resumes 400 in 1ms :: {"message":"[\n  {\n    \"code\": \"too_small\"…
9:14:12 PM [express] POST /api/resumes 400 in 1ms :: {"message":"[\n  {\n    \"code\": \"too_small\"…
9:14:15 PM [express] POST /api/resumes 400 in 1ms :: {"message":"[\n  {\n    \"code\": \"too_small\"…
9:14:18 PM [express] POST /api/resumes 400 in 2ms :: {"message":"[\n  {\n    \"code\": \"too_small\"…
9:14:21 PM [express] POST /api/resumes 400 in 1ms :: {"message":"[\n  {\n    \"code\": \"too_small\"…
9:14:24 PM [express] POST /api/resumes 400 in 2ms :: {"message":"[\n  {\n    \"code\": \"too_small\"…
9:14:27 PM [express] POST /api/resumes 400 in 1ms :: {"message":"[\n  {\n    \"code\": \"too_small\"…
9:14:30 PM [express] POST /api/resumes 400 in 1ms :: {"message":"[\n  {\n    \"code\": \"too_small\"…
9:14:33 PM [express] POST /api/resumes 400 in 2ms :: {"message":"[\n  {\n    \"code\": \"too_small\"…
9:14:36 PM [express] POST /api/resumes 400 in 2ms :: {"message":"[\n  {\n    \"code\": \"too_small\"…
9:14:39 PM [express] POST /api/resumes 400 in 2ms :: {"message":"[\n  {\n    \"code\": \"too_small\"…
9:14:42 PM [express] POST /api/resumes 400 in 1ms :: {"message":"[\n  {\n    \"code\": \"too_small\"…
9:14:45 PM [express] POST /api/resumes 400 in 1ms :: {"message":"[\n  {\n    \"code\": \"too_small\"…
9:14:48 PM [express] POST /api/resumes 400 in 2ms :: {"message":"[\n  {\n    \"code\": \"too_small\"…
9:14:51 PM [express] POST /api/resumes 400 in 1ms :: {"message":"[\n  {\n    \"code\": \"too_small\"…
9:14:54 PM [express] POST /api/resumes 400 in 2ms :: {"message":"[\n  {\n    \"code\": \"too_small\"…
9:14:57 PM [express] POST /api/resumes 400 in 1ms :: {"message":"[\n  {\n    \"code\": \"too_small\"…
9:15:00 PM [express] POST /api/resumes 400 in 1ms :: {"message":"[\n  {\n    \"code\": \"too_small\"…
9:15:03 PM [express] POST /api/resumes 400 in 2ms :: {"message":"[\n  {\n    \"code\": \"too_small\"…
9:15:06 PM [express] POST /api/resumes 400 in 1ms :: {"message":"[\n  {\n    \"code\": \"too_small\"…
9:15:09 PM [express] POST /api/resumes 400 in 1ms :: {"message":"[\n  {\n    \"code\": \"too_small\"…
9:15:12 PM [express] POST /api/resumes 400 in 1ms :: {"message":"[\n  {\n    \"code\": \"too_small\"…
9:15:15 PM [express] POST /api/resumes 400 in 1ms :: {"message":"[\n  {\n    \"code\": \"too_small\"…
9:15:18 PM [express] POST /api/resumes 400 in 1ms :: {"message":"[\n  {\n    \"code\": \"too_small\"…
9:15:21 PM [express] POST /api/resumes 400 in 1ms :: {"message":"[\n  {\n    \"code\": \"too_small\"…
9:15:24 PM [express] POST /api/resumes 400 in 1ms :: {"message":"[\n  {\n    \"code\": \"too_small\"…
9:15:27 PM [express] POST /api/resumes 400 in 1ms :: {"message":"[\n  {\n    \"code\": \"too_small\"…
9:15:30 PM [express] POST /api/resumes 400 in 1ms :: {"message":"[\n  {\n    \"code\": \"too_small\"…
9:15:33 PM [express] POST /api/resumes 400 in 2ms :: {"message":"[\n  {\n    \"code\": \"too_small\"…
9:15:36 PM [express] POST /api/resumes 400 in 2ms :: {"message":"[\n  {\n    \"code\": \"too_small\"…
9:15:39 PM [express] POST /api/resumes 400 in 2ms :: {"message":"[\n  {\n    \"code\": \"too_small\"…
9:15:42 PM [express] POST /api/resumes 400 in 1ms :: {"message":"[\n  {\n    \"code\": \"too_small\"…
9:15:45 PM [express] POST /api/resumes 400 in 2ms :: {"message":"[\n  {\n    \"code\": \"too_small\"…
9:15:48 PM [express] POST /api/resumes 400 in 2ms :: {"message":"[\n  {\n    \"code\": \"too_small\"…
9:15:51 PM [express] POST /api/resumes 400 in 1ms :: {"message":"[\n  {\n    \"code\": \"too_small\"…
9:15:54 PM [express] POST /api/resumes 400 in 1ms :: {"message":"[\n  {\n    \"code\": \"too_small\"…
9:15:57 PM [express] POST /api/resumes 400 in 2ms :: {"message":"[\n  {\n    \"code\": \"too_small\"…
9:16:00 PM [express] POST /api/resumes 400 in 2ms :: {"message":"[\n  {\n    \"code\": \"too_small\"…
9:16:03 PM [express] POST /api/resumes 400 in 2ms :: {"message":"[\n  {\n    \"code\": \"too_small\"…
9:16:06 PM [express] POST /api/resumes 400 in 1ms :: {"message":"[\n  {\n    \"code\": \"too_small\"…
9:16:09 PM [express] POST /api/resumes 400 in 1ms :: {"message":"[\n  {\n    \"code\": \"too_small\"…
9:16:12 PM [express] POST /api/resumes 400 in 2ms :: {"message":"[\n  {\n    \"code\": \"too_small\"…
9:16:15 PM [express] POST /api/resumes 400 in 1ms :: {"message":"[\n  {\n    \"code\": \"too_small\"…
9:16:18 PM [express] POST /api/resumes 400 in 1ms :: {"message":"[\n  {\n    \"code\": \"too_small\"…
9:16:21 PM [express] POST /api/resumes 400 in 2ms :: {"message":"[\n  {\n    \"code\": \"too_small\"…
9:16:24 PM [express] POST /api/resumes 400 in 2ms :: {"message":"[\n  {\n    \"code\": \"too_small\"…
9:16:27 PM [express] POST /api/resumes 400 in 2ms :: {"message":"[\n  {\n    \"code\": \"too_small\"…
9:16:30 PM [express] POST /api/resumes 400 in 1ms :: {"message":"[\n  {\n    \"code\": \"too_small\"…
9:16:33 PM [express] POST /api/resumes 400 in 1ms :: {"message":"[\n  {\n    \"code\": \"too_small\"…
9:16:36 PM [express] POST /api/resumes 400 in 1ms :: {"message":"[\n  {\n    \"code\": \"too_small\"…
9:16:39 PM [express] POST /api/resumes 400 in 1ms :: {"message":"[\n  {\n    \"code\": \"too_small\"…
9:16:42 PM [express] POST /api/resumes 400 in 2ms :: {"message":"[\n  {\n    \"code\": \"too_small\"…
9:16:45 PM [express] POST /api/resumes 400 in 1ms :: {"message":"[\n  {\n    \"code\": \"too_small\"…
9:16:48 PM [express] POST /api/resumes 400 in 1ms :: {"message":"[\n  {\n    \"code\": \"too_small\"…
9:16:51 PM [express] POST /api/resumes 400 in 2ms :: {"message":"[\n  {\n    \"code\": \"too_small\"…
9:16:54 PM [express] POST /api/resumes 400 in 2ms :: {"message":"[\n  {\n    \"code\": \"too_small\"…
9:16:57 PM [express] POST /api/resumes 400 in 2ms :: {"message":"[\n  {\n    \"code\": \"too_small\"…
9:17:00 PM [express] POST /api/resumes 400 in 1ms :: {"message":"[\n  {\n    \"code\": \"too_small\"…
9:17:03 PM [express] POST /api/resumes 400 in 2ms :: {"message":"[\n  {\n    \"code\": \"too_small\"…
9:17:06 PM [express] POST /api/resumes 400 in 1ms :: {"message":"[\n  {\n    \"code\": \"too_small\"…
9:17:09 PM [express] POST /api/resumes 400 in 1ms :: {"message":"[\n  {\n    \"code\": \"too_small\"…
9:17:12 PM [express] POST /api/resumes 400 in 1ms :: {"message":"[\n  {\n    \"code\": \"too_small\"…
9:17:15 PM [express] POST /api/resumes 400 in 2ms :: {"message":"[\n  {\n    \"code\": \"too_small\"…
9:17:18 PM [express] POST /api/resumes 400 in 1ms :: {"message":"[\n  {\n    \"code\": \"too_small\"…
9:17:21 PM [express] POST /api/resumes 400 in 1ms :: {"message":"[\n  {\n    \"code\": \"too_small\"…
9:17:24 PM [express] POST /api/resumes 400 in 1ms :: {"message":"[\n  {\n    \"code\": \"too_small\"…
9:17:27 PM [express] POST /api/resumes 400 in 2ms :: {"message":"[\n  {\n    \"code\": \"too_small\"…
9:17:30 PM [express] POST /api/resumes 400 in 1ms :: {"message":"[\n  {\n    \"code\": \"too_small\"…
9:17:33 PM [express] POST /api/resumes 400 in 1ms :: {"message":"[\n  {\n    \"code\": \"too_small\"…
9:17:36 PM [express] POST /api/resumes 400 in 2ms :: {"message":"[\n  {\n    \"code\": \"too_small\"…
9:17:39 PM [express] POST /api/resumes 400 in 1ms :: {"message":"[\n  {\n    \"code\": \"too_small\"…
9:17:42 PM [express] POST /api/resumes 400 in 2ms :: {"message":"[\n  {\n    \"code\": \"too_small\"…
9:17:45 PM [express] POST /api/resumes 400 in 1ms :: {"message":"[\n  {\n    \"code\": \"too_small\"…
9:17:48 PM [express] POST /api/resumes 400 in 1ms :: {"message":"[\n  {\n    \"code\": \"too_small\"…
9:17:51 PM [express] POST /api/resumes 400 in 1ms :: {"message":"[\n  {\n    \"code\": \"too_small\"…
9:17:54 PM [express] POST /api/resumes 400 in 2ms :: {"message":"[\n  {\n    \"code\": \"too_small\"…
9:17:57 PM [express] POST /api/resumes 400 in 2ms :: {"message":"[\n  {\n    \"code\": \"too_small\"…
9:18:00 PM [express] POST /api/resumes 400 in 2ms :: {"message":"[\n  {\n    \"code\": \"too_small\"…
9:18:03 PM [express] POST /api/resumes 400 in 2ms :: {"message":"[\n  {\n    \"code\": \"too_small\"…
9:18:06 PM [express] POST /api/resumes 400 in 1ms :: {"message":"[\n  {\n    \"code\": \"too_small\"…
9:18:09 PM [express] POST /api/resumes 400 in 1ms :: {"message":"[\n  {\n    \"code\": \"too_small\"…
9:18:12 PM [express] POST /api/resumes 400 in 1ms :: {"message":"[\n  {\n    \"code\": \"too_small\"…
9:18:15 PM [express] POST /api/resumes 400 in 1ms :: {"message":"[\n  {\n    \"code\": \"too_small\"…
9:18:18 PM [express] POST /api/resumes 400 in 1ms :: {"message":"[\n  {\n    \"code\": \"too_small\"…
9:18:21 PM [express] POST /api/resumes 400 in 2ms :: {"message":"[\n  {\n    \"code\": \"too_small\"…
9:18:24 PM [express] POST /api/resumes 400 in 1ms :: {"message":"[\n  {\n    \"code\": \"too_small\"…
9:18:27 PM [express] POST /api/resumes 400 in 1ms :: {"message":"[\n  {\n    \"code\": \"too_small\"…
9:18:30 PM [express] POST /api/resumes 400 in 1ms :: {"message":"[\n  {\n    \"code\": \"too_small\"…
9:18:33 PM [express] POST /api/resumes 400 in 1ms :: {"message":"[\n  {\n    \"code\": \"too_small\"…
9:18:36 PM [express] POST /api/resumes 400 in 1ms :: {"message":"[\n  {\n    \"code\": \"too_small\"…
9:18:39 PM [express] POST /api/resumes 400 in 1ms :: {"message":"[\n  {\n    \"code\": \"too_small\"…
9:18:42 PM [express] POST /api/resumes 400 in 1ms :: {"message":"[\n  {\n    \"code\": \"too_small\"…
9:18:45 PM [express] POST /api/resumes 400 in 1ms :: {"message":"[\n  {\n    \"code\": \"too_small\"…
9:18:48 PM [express] POST /api/resumes 400 in 2ms :: {"message":"[\n  {\n    \"code\": \"too_small\"…
9:18:51 PM [express] POST /api/resumes 400 in 1ms :: {"message":"[\n  {\n    \"code\": \"too_small\"…
9:18:54 PM [express] POST /api/resumes 400 in 2ms :: {"message":"[\n  {\n    \"code\": \"too_small\"…
9:18:57 PM [express] POST /api/resumes 400 in 2ms :: {"message":"[\n  {\n    \"code\": \"too_small\"…
9:19:00 PM [express] POST /api/resumes 400 in 1ms :: {"message":"[\n  {\n    \"code\": \"too_small\"…
9:19:03 PM [express] POST /api/resumes 400 in 1ms :: {"message":"[\n  {\n    \"code\": \"too_small\"…
9:19:06 PM [express] POST /api/resumes 400 in 1ms :: {"message":"[\n  {\n    \"code\": \"too_small\"…
9:19:09 PM [express] POST /api/resumes 400 in 1ms :: {"message":"[\n  {\n    \"code\": \"too_small\"…
9:19:12 PM [express] POST /api/resumes 400 in 1ms :: {"message":"[\n  {\n    \"code\": \"too_small\"…
9:19:15 PM [express] POST /api/resumes 400 in 2ms :: {"message":"[\n  {\n    \"code\": \"too_small\"…
9:19:18 PM [express] POST /api/resumes 400 in 2ms :: {"message":"[\n  {\n    \"code\": \"too_small\"…
9:19:21 PM [express] POST /api/resumes 400 in 1ms :: {"message":"[\n  {\n    \"code\": \"too_small\"…
9:19:24 PM [express] POST /api/resumes 400 in 2ms :: {"message":"[\n  {\n    \"code\": \"too_small\"…
9:19:27 PM [express] POST /api/resumes 400 in 1ms :: {"message":"[\n  {\n    \"code\": \"too_small\"…
9:19:30 PM [express] POST /api/resumes 400 in 1ms :: {"message":"[\n  {\n    \"code\": \"too_small\"…
9:19:33 PM [express] POST /api/resumes 400 in 2ms :: {"message":"[\n  {\n    \"code\": \"too_small\"…
9:19:36 PM [express] POST /api/resumes 400 in 1ms :: {"message":"[\n  {\n    \"code\": \"too_small\"…
9:19:39 PM [express] POST /api/resumes 400 in 1ms :: {"message":"[\n  {\n    \"code\": \"too_small\"…
9:19:42 PM [express] POST /api/resumes 400 in 1ms :: {"message":"[\n  {\n    \"code\": \"too_small\"…
9:19:45 PM [express] POST /api/resumes 400 in 1ms :: {"message":"[\n  {\n    \"code\": \"too_small\"…
9:19:48 PM [express] POST /api/resumes 400 in 2ms :: {"message":"[\n  {\n    \"code\": \"too_small\"…
9:19:51 PM [express] POST /api/resumes 400 in 1ms :: {"message":"[\n  {\n    \"code\": \"too_small\"…
9:19:54 PM [express] POST /api/resumes 400 in 2ms :: {"message":"[\n  {\n    \"code\": \"too_small\"…
9:31:03 PM [express] POST /api/resumes 400 in 0ms :: {"message":"[\n  {\n    \"code\": \"too_small\"…
9:31:07 PM [express] POST /api/resumes 400 in 1ms :: {"message":"[\n  {\n    \"code\": \"too_small\"…
9:31:09 PM [express] POST /api/resumes 400 in 1ms :: {"message":"[\n  {\n    \"code\": \"too_small\"…
9:31:12 PM [express] POST /api/resumes 400 in 2ms :: {"message":"[\n  {\n    \"code\": \"too_small\"…
9:31:15 PM [express] POST /api/resumes 400 in 1ms :: {"message":"[\n  {\n    \"code\": \"too_small\"…
9:31:18 PM [express] POST /api/resumes 400 in 0ms :: {"message":"[\n  {\n    \"code\": \"too_small\"…
9:31:21 PM [express] POST /api/resumes 400 in 1ms :: {"message":"[\n  {\n    \"code\": \"too_small\"…
9:31:24 PM [express] POST /api/resumes 400 in 1ms :: {"message":"[\n  {\n    \"code\": \"too_small\"…
9:31:27 PM [express] POST /api/resumes 400 in 2ms :: {"message":"[\n  {\n    \"code\": \"too_small\"…
9:31:34 PM [express] POST /api/resumes 400 in 2ms :: {"message":"[\n  {\n    \"code\": \"too_small\"…
9:31:34 PM [express] POST /api/resumes 400 in 2ms :: {"message":"[\n  {\n    \"code\": \"too_small\"…
9:31:41 PM [express] POST /api/resumes 400 in 1ms :: {"message":"[\n  {\n    \"code\": \"too_small\"…
9:31:41 PM [express] POST /api/resumes 400 in 2ms :: {"message":"[\n  {\n    \"code\": \"too_small\"…
9:31:43 PM [express] POST /api/resumes 400 in 1ms :: {"message":"[\n  {\n    \"code\": \"too_small\"…
9:31:46 PM [express] POST /api/resumes 400 in 2ms :: {"message":"[\n  {\n    \"code\": \"too_small\"…
9:31:49 PM [express] POST /api/resumes 400 in 1ms :: {"message":"[\n  {\n    \"code\": \"too_small\"…
9:31:52 PM [express] POST /api/resumes 400 in 0ms :: {"message":"[\n  {\n    \"code\": \"too_small\"…
9:31:55 PM [express] POST /api/resumes 400 in 1ms :: {"message":"[\n  {\n    \"code\": \"too_small\"…
9:32:00 PM [express] POST /api/resumes 400 in 1ms :: {"message":"[\n  {\n    \"code\": \"too_small\"…
9:32:02 PM [express] POST /api/resumes 400 in 2ms :: {"message":"[\n  {\n    \"code\": \"too_small\"…
9:32:05 PM [express] POST /api/resumes 400 in 2ms :: {"message":"[\n  {\n    \"code\": \"too_small\"…
9:32:08 PM [express] POST /api/resumes 400 in 1ms :: {"message":"[\n  {\n    \"code\": \"too_small\"…
9:32:11 PM [express] POST /api/resumes 400 in 1ms :: {"message":"[\n  {\n    \"code\": \"too_small\"…
9:32:14 PM [express] POST /api/resumes 400 in 1ms :: {"message":"[\n  {\n    \"code\": \"too_small\"…
9:32:17 PM [express] POST /api/resumes 400 in 1ms :: {"message":"[\n  {\n    \"code\": \"too_small\"…
9:32:20 PM [express] POST /api/resumes 400 in 2ms :: {"message":"[\n  {\n    \"code\": \"too_small\"…
9:32:23 PM [express] POST /api/resumes 400 in 2ms :: {"message":"[\n  {\n    \"code\": \"too_small\"…
9:32:26 PM [express] POST /api/resumes 400 in 1ms :: {"message":"[\n  {\n    \"code\": \"too_small\"…
9:32:29 PM [express] POST /api/resumes 400 in 1ms :: {"message":"[\n  {\n    \"code\": \"too_small\"…
9:32:33 PM [express] POST /api/resumes 400 in 1ms :: {"message":"[\n  {\n    \"code\": \"too_small\"…
9:32:35 PM [express] POST /api/resumes 400 in 1ms :: {"message":"[\n  {\n    \"code\": \"too_small\"…
9:32:38 PM [express] POST /api/resumes 400 in 1ms :: {"message":"[\n  {\n    \"code\": \"too_small\"…
9:32:41 PM [express] POST /api/resumes 400 in 1ms :: {"message":"[\n  {\n    \"code\": \"too_small\"…
9:32:55 PM [express] POST /api/resumes 400 in 1ms :: {"message":"[\n  {\n    \"code\": \"too_small\"…
9:32:58 PM [express] POST /api/resumes 400 in 1ms :: {"message":"[\n  {\n    \"code\": \"too_small\"…
9:33:00 PM [express] POST /api/resumes 400 in 1ms :: {"message":"[\n  {\n    \"code\": \"too_small\"…
9:33:03 PM [express] POST /api/resumes 400 in 1ms :: {"message":"[\n  {\n    \"code\": \"too_small\"…
9:33:06 PM [express] POST /api/resumes 400 in 1ms :: {"message":"[\n  {\n    \"code\": \"too_small\"…
9:33:10 PM [express] POST /api/resumes 400 in 1ms :: {"message":"[\n  {\n    \"code\": \"too_small\"…
9:33:13 PM [express] POST /api/resumes 400 in 1ms :: {"message":"[\n  {\n    \"code\": \"too_small\"…
9:33:15 PM [express] POST /api/resumes 400 in 2ms :: {"message":"[\n  {\n    \"code\": \"too_small\"…
9:33:18 PM [express] POST /api/resumes 400 in 1ms :: {"message":"[\n  {\n    \"code\": \"too_small\"…
9:33:21 PM [express] POST /api/resumes 400 in 2ms :: {"message":"[\n  {\n    \"code\": \"too_small\"…
9:33:24 PM [express] POST /api/resumes 400 in 2ms :: {"message":"[\n  {\n    \"code\": \"too_small\"…
9:33:27 PM [express] POST /api/resumes 400 in 1ms :: {"message":"[\n  {\n    \"code\": \"too_small\"…
9:33:30 PM [express] POST /api/resumes 400 in 1ms :: {"message":"[\n  {\n    \"code\": \"too_small\"…
9:33:33 PM [express] POST /api/resumes 400 in 1ms :: {"message":"[\n  {\n    \"code\": \"too_small\"…
9:33:36 PM [express] POST /api/resumes 400 in 1ms :: {"message":"[\n  {\n    \"code\": \"too_small\"…
9:33:39 PM [express] POST /api/resumes 400 in 1ms :: {"message":"[\n  {\n    \"code\": \"too_small\"…
9:33:42 PM [express] POST /api/resumes 400 in 1ms :: {"message":"[\n  {\n    \"code\": \"too_small\"…
9:33:45 PM [express] POST /api/resumes 400 in 1ms :: {"message":"[\n  {\n    \"code\": \"too_small\"…
9:33:48 PM [express] POST /api/resumes 400 in 1ms :: {"message":"[\n  {\n    \"code\": \"too_small\"…
9:33:51 PM [express] POST /api/resumes 400 in 2ms :: {"message":"[\n  {\n    \"code\": \"too_small\"…
9:33:54 PM [express] POST /api/resumes 400 in 1ms :: {"message":"[\n  {\n    \"code\": \"too_small\"…
9:33:57 PM [express] POST /api/resumes 400 in 1ms :: {"message":"[\n  {\n    \"code\": \"too_small\"…
9:34:00 PM [express] POST /api/resumes 400 in 2ms :: {"message":"[\n  {\n    \"code\": \"too_small\"…
9:34:03 PM [express] POST /api/resumes 400 in 1ms :: {"message":"[\n  {\n    \"code\": \"too_small\"…
9:34:06 PM [express] POST /api/resumes 400 in 1ms :: {"message":"[\n  {\n    \"code\": \"too_small\"…
9:34:09 PM [express] POST /api/resumes 400 in 1ms :: {"message":"[\n  {\n    \"code\": \"too_small\"…
9:34:12 PM [express] POST /api/resumes 400 in 1ms :: {"message":"[\n  {\n    \"code\": \"too_small\"…
9:34:15 PM [express] POST /api/resumes 400 in 1ms :: {"message":"[\n  {\n    \"code\": \"too_small\"…
9:34:18 PM [express] POST /api/resumes 400 in 1ms :: {"message":"[\n  {\n    \"code\": \"too_small\"…
9:34:21 PM [express] POST /api/resumes 400 in 1ms :: {"message":"[\n  {\n    \"code\": \"too_small\"…
9:34:24 PM [express] POST /api/resumes 400 in 1ms :: {"message":"[\n  {\n    \"code\": \"too_small\"…
9:34:27 PM [express] POST /api/resumes 400 in 1ms :: {"message":"[\n  {\n    \"code\": \"too_small\"…
9:34:30 PM [express] POST /api/resumes 400 in 1ms :: {"message":"[\n  {\n    \"code\": \"too_small\"…
9:34:33 PM [express] POST /api/resumes 400 in 1ms :: {"message":"[\n  {\n    \"code\": \"too_small\"…
9:34:36 PM [express] POST /api/resumes 400 in 1ms :: {"message":"[\n  {\n    \"code\": \"too_small\"…
9:34:39 PM [express] POST /api/resumes 400 in 2ms :: {"message":"[\n  {\n    \"code\": \"too_small\"…
9:34:43 PM [express] POST /api/resumes 400 in 1ms :: {"message":"[\n  {\n    \"code\": \"too_small\"…
9:34:45 PM [express] POST /api/resumes 400 in 0ms :: {"message":"[\n  {\n    \"code\": \"too_small\"…
9:34:49 PM [express] POST /api/resumes 400 in 1ms :: {"message":"[\n  {\n    \"code\": \"too_small\"…
9:34:52 PM [express] POST /api/resumes 400 in 1ms :: {"message":"[\n  {\n    \"code\": \"too_small\"…
9:34:54 PM [express] POST /api/resumes 400 in 1ms :: {"message":"[\n  {\n    \"code\": \"too_small\"…
9:34:57 PM [express] POST /api/resumes 400 in 2ms :: {"message":"[\n  {\n    \"code\": \"too_small\"…
9:35:00 PM [express] POST /api/resumes 400 in 2ms :: {"message":"[\n  {\n    \"code\": \"too_small\"…
9:35:03 PM [express] POST /api/resumes 400 in 2ms :: {"message":"[\n  {\n    \"code\": \"too_small\"…
9:35:06 PM [express] POST /api/resumes 400 in 1ms :: {"message":"[\n  {\n    \"code\": \"too_small\"…
9:35:09 PM [express] POST /api/resumes 400 in 1ms :: {"message":"[\n  {\n    \"code\": \"too_small\"…
9:35:12 PM [express] POST /api/resumes 400 in 0ms :: {"message":"[\n  {\n    \"code\": \"too_small\"…
9:35:15 PM [express] POST /api/resumes 400 in 1ms :: {"message":"[\n  {\n    \"code\": \"too_small\"…
9:35:18 PM [express] POST /api/resumes 400 in 1ms :: {"message":"[\n  {\n    \"code\": \"too_small\"…
9:35:21 PM [express] POST /api/resumes 400 in 1ms :: {"message":"[\n  {\n    \"code\": \"too_small\"…
9:35:24 PM [express] POST /api/resumes 400 in 1ms :: {"message":"[\n  {\n    \"code\": \"too_small\"…
9:35:27 PM [express] POST /api/resumes 400 in 0ms :: {"message":"[\n  {\n    \"code\": \"too_small\"…
9:35:30 PM [express] POST /api/resumes 400 in 1ms :: {"message":"[\n  {\n    \"code\": \"too_small\"…
9:35:33 PM [express] POST /api/resumes 400 in 0ms :: {"message":"[\n  {\n    \"code\": \"too_small\"…
9:35:36 PM [express] POST /api/resumes 400 in 0ms :: {"message":"[\n  {\n    \"code\": \"too_small\"…
9:35:39 PM [express] POST /api/resumes 400 in 1ms :: {"message":"[\n  {\n    \"code\": \"too_small\"…
9:35:42 PM [express] POST /api/resumes 400 in 1ms :: {"message":"[\n  {\n    \"code\": \"too_small\"…
9:35:45 PM [express] POST /api/resumes 400 in 0ms :: {"message":"[\n  {\n    \"code\": \"too_small\"…
9:35:48 PM [express] POST /api/resumes 400 in 2ms :: {"message":"[\n  {\n    \"code\": \"too_small\"…
9:35:51 PM [express] POST /api/resumes 400 in 1ms :: {"message":"[\n  {\n    \"code\": \"too_small\"…
9:35:54 PM [express] POST /api/resumes 400 in 1ms :: {"message":"[\n  {\n    \"code\": \"too_small\"…
9:35:59 PM [express] POST /api/resumes 400 in 1ms :: {"message":"[\n  {\n    \"code\": \"too_small\"…
9:36:03 PM [express] POST /api/resumes 400 in 1ms :: {"message":"[\n  {\n    \"code\": \"too_small\"…
9:36:05 PM [express] POST /api/resumes 400 in 1ms :: {"message":"[\n  {\n    \"code\": \"too_small\"…
9:36:08 PM [express] POST /api/resumes 400 in 0ms :: {"message":"[\n  {\n    \"code\": \"too_small\"…
9:36:11 PM [express] POST /api/resumes 400 in 1ms :: {"message":"[\n  {\n    \"code\": \"too_small\"…
9:36:14 PM [express] POST /api/resumes 400 in 2ms :: {"message":"[\n  {\n    \"code\": \"too_small\"…
9:36:17 PM [express] POST /api/resumes 400 in 1ms :: {"message":"[\n  {\n    \"code\": \"too_small\"…
9:36:20 PM [express] POST /api/resumes 400 in 1ms :: {"message":"[\n  {\n    \"code\": \"too_small\"…
9:36:23 PM [express] POST /api/resumes 400 in 1ms :: {"message":"[\n  {\n    \"code\": \"too_small\"…
9:36:26 PM [express] POST /api/resumes 400 in 1ms :: {"message":"[\n  {\n    \"code\": \"too_small\"…
9:36:29 PM [express] POST /api/resumes 400 in 1ms :: {"message":"[\n  {\n    \"code\": \"too_small\"…
9:36:33 PM [express] POST /api/resumes 400 in 1ms :: {"message":"[\n  {\n    \"code\": \"too_small\"…
9:36:40 PM [express] POST /api/resumes 400 in 2ms :: {"message":"[\n  {\n    \"code\": \"too_small\"…
9:36:42 PM [express] POST /api/resumes 400 in 2ms :: {"message":"[\n  {\n    \"code\": \"too_small\"…
9:36:45 PM [express] POST /api/resumes 400 in 1ms :: {"message":"[\n  {\n    \"code\": \"too_small\"…
9:36:48 PM [express] POST /api/resumes 400 in 1ms :: {"message":"[\n  {\n    \"code\": \"too_small\"…
9:36:59 PM [express] POST /api/resumes 400 in 1ms :: {"message":"[\n  {\n    \"code\": \"too_small\"…
9:37:01 PM [express] POST /api/resumes 400 in 2ms :: {"message":"[\n  {\n    \"code\": \"too_small\"…
9:37:04 PM [express] POST /api/resumes 400 in 2ms :: {"message":"[\n  {\n    \"code\": \"too_small\"…
9:37:08 PM [express] POST /api/resumes 400 in 1ms :: {"message":"[\n  {\n    \"code\": \"too_small\"…
9:37:10 PM [express] POST /api/resumes 400 in 1ms :: {"message":"[\n  {\n    \"code\": \"too_small\"…
9:37:13 PM [express] POST /api/resumes 400 in 1ms :: {"message":"[\n  {\n    \"code\": \"too_small\"…
9:37:16 PM [express] POST /api/resumes 400 in 1ms :: {"message":"[\n  {\n    \"code\": \"too_small\"…
9:37:19 PM [express] POST /api/resumes 400 in 2ms :: {"message":"[\n  {\n    \"code\": \"too_small\"…
9:37:22 PM [express] POST /api/resumes 400 in 2ms :: {"message":"[\n  {\n    \"code\": \"too_small\"…
9:37:25 PM [express] POST /api/resumes 400 in 1ms :: {"message":"[\n  {\n    \"code\": \"too_small\"…
9:37:28 PM [express] POST /api/resumes 400 in 1ms :: {"message":"[\n  {\n    \"code\": \"too_small\"…
9:37:31 PM [express] POST /api/resumes 400 in 1ms :: {"message":"[\n  {\n    \"code\": \"too_small\"…
9:37:34 PM [express] POST /api/resumes 400 in 1ms :: {"message":"[\n  {\n    \"code\": \"too_small\"…
9:37:37 PM [express] POST /api/resumes 400 in 1ms :: {"message":"[\n  {\n    \"code\": \"too_small\"…
9:37:40 PM [express] POST /api/resumes 400 in 1ms :: {"message":"[\n  {\n    \"code\": \"too_small\"…
9:37:43 PM [express] POST /api/resumes 400 in 1ms :: {"message":"[\n  {\n    \"code\": \"too_small\"…
9:37:46 PM [express] POST /api/resumes 400 in 1ms :: {"message":"[\n  {\n    \"code\": \"too_small\"…
9:37:48 PM [express] POST /api/resumes 400 in 2ms :: {"message":"[\n  {\n    \"code\": \"too_small\"…
9:37:48 PM [express] POST /api/resumes 400 in 1ms :: {"message":"[\n  {\n    \"code\": \"too_small\"…
9:37:48 PM [express] POST /api/resumes 400 in 2ms :: {"message":"[\n  {\n    \"code\": \"too_small\"…
9:37:49 PM [express] POST /api/resumes 400 in 2ms :: {"message":"[\n  {\n    \"code\": \"too_small\"…
9:37:50 PM [express] POST /api/ai/analyze-ats 500 in 2125ms :: {"message":"Failed to analyze resume …
9:37:51 PM [express] POST /api/resumes 400 in 1ms :: {"message":"[\n  {\n    \"code\": \"too_small\"…
9:37:54 PM [express] POST /api/resumes 400 in 1ms :: {"message":"[\n  {\n    \"code\": \"too_small\"…
9:37:57 PM [express] POST /api/resumes 400 in 1ms :: {"message":"[\n  {\n    \"code\": \"too_small\"…
9:38:00 PM [express] POST /api/resumes 400 in 2ms :: {"message":"[\n  {\n    \"code\": \"too_small\"…
9:38:03 PM [express] POST /api/resumes 400 in 1ms :: {"message":"[\n  {\n    \"code\": \"too_small\"…
9:38:06 PM [express] POST /api/resumes 400 in 1ms :: {"message":"[\n  {\n    \"code\": \"too_small\"…
9:38:09 PM [express] POST /api/resumes 400 in 3ms :: {"message":"[\n  {\n    \"code\": \"too_small\"…
9:38:12 PM [express] POST /api/resumes 400 in 2ms :: {"message":"[\n  {\n    \"code\": \"too_small\"…
9:38:15 PM [express] POST /api/resumes 400 in 1ms :: {"message":"[\n  {\n    \"code\": \"too_small\"…
9:38:18 PM [express] POST /api/resumes 400 in 1ms :: {"message":"[\n  {\n    \"code\": \"too_small\"…
9:38:21 PM [express] POST /api/resumes 400 in 2ms :: {"message":"[\n  {\n    \"code\": \"too_small\"…
9:38:24 PM [express] POST /api/resumes 400 in 2ms :: {"message":"[\n  {\n    \"code\": \"too_small\"…
9:38:27 PM [express] POST /api/resumes 400 in 1ms :: {"message":"[\n  {\n    \"code\": \"too_small\"…
9:38:30 PM [express] POST /api/resumes 400 in 1ms :: {"message":"[\n  {\n    \"code\": \"too_small\"…
9:38:33 PM [express] POST /api/resumes 400 in 1ms :: {"message":"[\n  {\n    \"code\": \"too_small\"…
9:38:36 PM [express] POST /api/resumes 400 in 1ms :: {"message":"[\n  {\n    \"code\": \"too_small\"…
9:38:39 PM [express] POST /api/resumes 400 in 0ms :: {"message":"[\n  {\n    \"code\": \"too_small\"…
9:38:42 PM [express] POST /api/resumes 400 in 1ms :: {"message":"[\n  {\n    \"code\": \"too_small\"…
9:38:45 PM [express] POST /api/resumes 400 in 1ms :: {"message":"[\n  {\n    \"code\": \"too_small\"…
9:38:48 PM [express] POST /api/resumes 400 in 1ms :: {"message":"[\n  {\n    \"code\": \"too_small\"…
9:38:51 PM [express] POST /api/resumes 400 in 1ms :: {"message":"[\n  {\n    \"code\": \"too_small\"…
9:38:54 PM [express] POST /api/resumes 400 in 1ms :: {"message":"[\n  {\n    \"code\": \"too_small\"…
9:38:57 PM [express] POST /api/resumes 400 in 1ms :: {"message":"[\n  {\n    \"code\": \"too_small\"…
9:39:00 PM [express] POST /api/resumes 400 in 1ms :: {"message":"[\n  {\n    \"code\": \"too_small\"…
9:39:03 PM [express] POST /api/resumes 400 in 1ms :: {"message":"[\n  {\n    \"code\": \"too_small\"…
9:39:06 PM [express] POST /api/resumes 400 in 1ms :: {"message":"[\n  {\n    \"code\": \"too_small\"…
9:39:09 PM [express] POST /api/resumes 400 in 1ms :: {"message":"[\n  {\n    \"code\": \"too_small\"…
9:39:12 PM [express] POST /api/resumes 400 in 2ms :: {"message":"[\n  {\n    \"code\": \"too_small\"…
9:39:15 PM [express] POST /api/resumes 400 in 1ms :: {"message":"[\n  {\n    \"code\": \"too_small\"…
9:39:18 PM [express] POST /api/resumes 400 in 2ms :: {"message":"[\n  {\n    \"code\": \"too_small\"…
9:39:21 PM [express] POST /api/resumes 400 in 1ms :: {"message":"[\n  {\n    \"code\": \"too_small\"…
9:39:24 PM [express] POST /api/resumes 400 in 2ms :: {"message":"[\n  {\n    \"code\": \"too_small\"…
9:39:27 PM [express] POST /api/resumes 400 in 2ms :: {"message":"[\n  {\n    \"code\": \"too_small\"…
9:39:31 PM [express] POST /api/resumes 400 in 3ms :: {"message":"[\n  {\n    \"code\": \"too_small\"…
9:39:33 PM [express] POST /api/resumes 400 in 1ms :: {"message":"[\n  {\n    \"code\": \"too_small\"…
9:39:36 PM [express] POST /api/resumes 400 in 1ms :: {"message":"[\n  {\n    \"code\": \"too_small\"…
9:39:39 PM [express] POST /api/resumes 400 in 2ms :: {"message":"[\n  {\n    \"code\": \"too_small\"…
9:39:42 PM [express] POST /api/resumes 400 in 1ms :: {"message":"[\n  {\n    \"code\": \"too_small\"…
9:39:45 PM [express] POST /api/resumes 400 in 1ms :: {"message":"[\n  {\n    \"code\": \"too_small\"…
9:39:48 PM [express] POST /api/resumes 400 in 2ms :: {"message":"[\n  {\n    \"code\": \"too_small\"…
9:39:51 PM [express] POST /api/resumes 400 in 1ms :: {"message":"[\n  {\n    \"code\": \"too_small\"…
9:39:54 PM [express] POST /api/resumes 400 in 1ms :: {"message":"[\n  {\n    \"code\": \"too_small\"…
9:39:57 PM [express] POST /api/resumes 400 in 1ms :: {"message":"[\n  {\n    \"code\": \"too_small\"…
9:40:00 PM [express] POST /api/resumes 400 in 2ms :: {"message":"[\n  {\n    \"code\": \"too_small\"…
9:40:03 PM [express] POST /api/resumes 400 in 1ms :: {"message":"[\n  {\n    \"code\": \"too_small\"…
9:40:06 PM [express] POST /api/resumes 400 in 2ms :: {"message":"[\n  {\n    \"code\": \"too_small\"…
9:40:09 PM [express] POST /api/resumes 400 in 1ms :: {"message":"[\n  {\n    \"code\": \"too_small\"…
9:40:12 PM [express] POST /api/resumes 400 in 1ms :: {"message":"[\n  {\n    \"code\": \"too_small\"…
9:40:15 PM [express] POST /api/resumes 400 in 2ms :: {"message":"[\n  {\n    \"code\": \"too_small\"…
9:40:18 PM [express] POST /api/resumes 400 in 2ms :: {"message":"[\n  {\n    \"code\": \"too_small\"…
9:40:21 PM [express] POST /api/resumes 400 in 1ms :: {"message":"[\n  {\n    \"code\": \"too_small\"…
9:40:24 PM [express] POST /api/resumes 400 in 2ms :: {"message":"[\n  {\n    \"code\": \"too_small\"…
9:40:27 PM [express] POST /api/resumes 400 in 2ms :: {"message":"[\n  {\n    \"code\": \"too_small\"…
9:40:30 PM [express] POST /api/resumes 400 in 2ms :: {"message":"[\n  {\n    \"code\": \"too_small\"…
9:40:33 PM [express] POST /api/resumes 400 in 1ms :: {"message":"[\n  {\n    \"code\": \"too_small\"…
9:40:36 PM [express] POST /api/resumes 400 in 1ms :: {"message":"[\n  {\n    \"code\": \"too_small\"…
9:40:39 PM [express] POST /api/resumes 400 in 1ms :: {"message":"[\n  {\n    \"code\": \"too_small\"…
9:40:42 PM [express] POST /api/resumes 400 in 1ms :: {"message":"[\n  {\n    \"code\": \"too_small\"…
9:40:45 PM [express] POST /api/resumes 400 in 1ms :: {"message":"[\n  {\n    \"code\": \"too_small\"…
9:40:48 PM [express] POST /api/resumes 400 in 2ms :: {"message":"[\n  {\n    \"code\": \"too_small\"…
9:40:51 PM [express] POST /api/resumes 400 in 1ms :: {"message":"[\n  {\n    \"code\": \"too_small\"…
9:40:54 PM [express] POST /api/resumes 400 in 1ms :: {"message":"[\n  {\n    \"code\": \"too_small\"…
9:40:59 PM [express] POST /api/resumes 400 in 1ms :: {"message":"[\n  {\n    \"code\": \"too_small\"…
9:41:01 PM [express] POST /api/resumes 400 in 0ms :: {"message":"[\n  {\n    \"code\": \"too_small\"…
9:41:06 PM [express] POST /api/resumes 400 in 1ms :: {"message":"[\n  {\n    \"code\": \"too_small\"…
9:41:08 PM [express] POST /api/resumes 400 in 1ms :: {"message":"[\n  {\n    \"code\": \"too_small\"…
9:41:11 PM [express] POST /api/resumes 400 in 1ms :: {"message":"[\n  {\n    \"code\": \"too_small\"…
9:41:14 PM [express] POST /api/resumes 400 in 0ms :: {"message":"[\n  {\n    \"code\": \"too_small\"…
9:41:17 PM [express] POST /api/resumes 400 in 1ms :: {"message":"[\n  {\n    \"code\": \"too_small\"…
9:41:20 PM [express] POST /api/resumes 400 in 1ms :: {"message":"[\n  {\n    \"code\": \"too_small\"…
9:41:23 PM [express] POST /api/resumes 400 in 0ms :: {"message":"[\n  {\n    \"code\": \"too_small\"…
9:41:26 PM [express] POST /api/resumes 400 in 1ms :: {"message":"[\n  {\n    \"code\": \"too_small\"…
9:41:29 PM [express] POST /api/resumes 400 in 1ms :: {"message":"[\n  {\n    \"code\": \"too_small\"…
9:41:32 PM [express] POST /api/resumes 400 in 1ms :: {"message":"[\n  {\n    \"code\": \"too_small\"…
9:41:35 PM [express] POST /api/resumes 400 in 1ms :: {"message":"[\n  {\n    \"code\": \"too_small\"…
9:41:38 PM [express] POST /api/resumes 400 in 1ms :: {"message":"[\n  {\n    \"code\": \"too_small\"…
9:41:41 PM [express] POST /api/resumes 400 in 1ms :: {"message":"[\n  {\n    \"code\": \"too_small\"…
9:41:44 PM [express] POST /api/resumes 400 in 1ms :: {"message":"[\n  {\n    \"code\": \"too_small\"…
9:41:47 PM [express] POST /api/resumes 400 in 1ms :: {"message":"[\n  {\n    \"code\": \"too_small\"…
9:41:50 PM [express] POST /api/resumes 400 in 1ms :: {"message":"[\n  {\n    \"code\": \"too_small\"…
9:41:53 PM [express] POST /api/resumes 400 in 1ms :: {"message":"[\n  {\n    \"code\": \"too_small\"…
9:41:56 PM [express] POST /api/resumes 400 in 2ms :: {"message":"[\n  {\n    \"code\": \"too_small\"…
9:41:59 PM [express] POST /api/resumes 400 in 1ms :: {"message":"[\n  {\n    \"code\": \"too_small\"…
9:42:02 PM [express] POST /api/resumes 400 in 1ms :: {"message":"[\n  {\n    \"code\": \"too_small\"…
9:42:05 PM [express] POST /api/resumes 400 in 1ms :: {"message":"[\n  {\n    \"code\": \"too_small\"…
9:42:08 PM [express] POST /api/resumes 400 in 1ms :: {"message":"[\n  {\n    \"code\": \"too_small\"…
9:42:11 PM [express] POST /api/resumes 400 in 1ms :: {"message":"[\n  {\n    \"code\": \"too_small\"…
9:42:14 PM [express] POST /api/resumes 400 in 1ms :: {"message":"[\n  {\n    \"code\": \"too_small\"…
9:42:17 PM [express] POST /api/resumes 400 in 1ms :: {"message":"[\n  {\n    \"code\": \"too_small\"…
9:42:20 PM [express] POST /api/resumes 400 in 2ms :: {"message":"[\n  {\n    \"code\": \"too_small\"…
9:42:23 PM [express] POST /api/resumes 400 in 1ms :: {"message":"[\n  {\n    \"code\": \"too_small\"…
9:42:26 PM [express] POST /api/resumes 400 in 2ms :: {"message":"[\n  {\n    \"code\": \"too_small\"…
9:42:29 PM [express] POST /api/resumes 400 in 1ms :: {"message":"[\n  {\n    \"code\": \"too_small\"…
9:42:32 PM [express] POST /api/resumes 400 in 1ms :: {"message":"[\n  {\n    \"code\": \"too_small\"…
9:42:35 PM [express] POST /api/resumes 400 in 1ms :: {"message":"[\n  {\n    \"code\": \"too_small\"…
9:42:38 PM [express] POST /api/resumes 400 in 0ms :: {"message":"[\n  {\n    \"code\": \"too_small\"…
9:42:41 PM [express] POST /api/resumes 400 in 1ms :: {"message":"[\n  {\n    \"code\": \"too_small\"…
9:42:44 PM [express] POST /api/resumes 400 in 1ms :: {"message":"[\n  {\n    \"code\": \"too_small\"…
9:42:47 PM [express] POST /api/resumes 400 in 1ms :: {"message":"[\n  {\n    \"code\": \"too_small\"…
9:42:50 PM [express] POST /api/resumes 400 in 2ms :: {"message":"[\n  {\n    \"code\": \"too_small\"…
9:42:53 PM [express] POST /api/resumes 400 in 1ms :: {"message":"[\n  {\n    \"code\": \"too_small\"…
9:42:56 PM [express] POST /api/resumes 400 in 1ms :: {"message":"[\n  {\n    \"code\": \"too_small\"…
9:42:59 PM [express] POST /api/resumes 400 in 1ms :: {"message":"[\n  {\n    \"code\": \"too_small\"…
9:43:02 PM [express] POST /api/resumes 400 in 1ms :: {"message":"[\n  {\n    \"code\": \"too_small\"…
9:43:05 PM [express] POST /api/resumes 400 in 1ms :: {"message":"[\n  {\n    \"code\": \"too_small\"…
9:43:08 PM [express] POST /api/resumes 400 in 1ms :: {"message":"[\n  {\n    \"code\": \"too_small\"…
9:43:11 PM [express] POST /api/resumes 400 in 1ms :: {"message":"[\n  {\n    \"code\": \"too_small\"…
9:43:14 PM [express] POST /api/resumes 400 in 1ms :: {"message":"[\n  {\n    \"code\": \"too_small\"…
9:43:17 PM [express] POST /api/resumes 400 in 1ms :: {"message":"[\n  {\n    \"code\": \"too_small\"…
9:43:20 PM [express] POST /api/resumes 400 in 1ms :: {"message":"[\n  {\n    \"code\": \"too_small\"…
9:43:23 PM [express] POST /api/resumes 400 in 2ms :: {"message":"[\n  {\n    \"code\": \"too_small\"…
9:43:26 PM [express] POST /api/resumes 400 in 1ms :: {"message":"[\n  {\n    \"code\": \"too_small\"…
9:43:29 PM [express] POST /api/resumes 400 in 2ms :: {"message":"[\n  {\n    \"code\": \"too_small\"…
9:43:32 PM [express] POST /api/resumes 400 in 1ms :: {"message":"[\n  {\n    \"code\": \"too_small\"…
9:43:35 PM [express] POST /api/resumes 400 in 1ms :: {"message":"[\n  {\n    \"code\": \"too_small\"…
9:43:38 PM [express] POST /api/resumes 400 in 2ms :: {"message":"[\n  {\n    \"code\": \"too_small\"…
9:43:41 PM [express] POST /api/resumes 400 in 1ms :: {"message":"[\n  {\n    \"code\": \"too_small\"…
9:43:44 PM [express] POST /api/resumes 400 in 1ms :: {"message":"[\n  {\n    \"code\": \"too_small\"…
9:43:47 PM [express] POST /api/resumes 400 in 1ms :: {"message":"[\n  {\n    \"code\": \"too_small\"…
9:43:50 PM [express] POST /api/resumes 400 in 0ms :: {"message":"[\n  {\n    \"code\": \"too_small\"…
9:43:53 PM [express] POST /api/resumes 400 in 1ms :: {"message":"[\n  {\n    \"code\": \"too_small\"…
9:43:56 PM [express] POST /api/resumes 400 in 1ms :: {"message":"[\n  {\n    \"code\": \"too_small\"…
9:43:59 PM [express] POST /api/resumes 400 in 1ms :: {"message":"[\n  {\n    \"code\": \"too_small\"…
9:44:02 PM [express] POST /api/resumes 400 in 1ms :: {"message":"[\n  {\n    \"code\": \"too_small\"…
9:44:05 PM [express] POST /api/resumes 400 in 2ms :: {"message":"[\n  {\n    \"code\": \"too_small\"…
9:44:08 PM [express] POST /api/resumes 400 in 2ms :: {"message":"[\n  {\n    \"code\": \"too_small\"…
9:44:11 PM [express] POST /api/resumes 400 in 1ms :: {"message":"[\n  {\n    \"code\": \"too_small\"…
9:44:14 PM [express] POST /api/resumes 400 in 1ms :: {"message":"[\n  {\n    \"code\": \"too_small\"…
9:44:17 PM [express] POST /api/resumes 400 in 1ms :: {"message":"[\n  {\n    \"code\": \"too_small\"…
9:44:20 PM [express] POST /api/resumes 400 in 1ms :: {"message":"[\n  {\n    \"code\": \"too_small\"…
9:44:23 PM [express] POST /api/resumes 400 in 1ms :: {"message":"[\n  {\n    \"code\": \"too_small\"…
9:44:26 PM [express] POST /api/resumes 400 in 0ms :: {"message":"[\n  {\n    \"code\": \"too_small\"…
9:44:29 PM [express] POST /api/resumes 400 in 1ms :: {"message":"[\n  {\n    \"code\": \"too_small\"…
9:44:32 PM [express] POST /api/resumes 400 in 1ms :: {"message":"[\n  {\n    \"code\": \"too_small\"…
9:44:35 PM [express] POST /api/resumes 400 in 1ms :: {"message":"[\n  {\n    \"code\": \"too_small\"…
9:44:38 PM [express] POST /api/resumes 400 in 1ms :: {"message":"[\n  {\n    \"code\": \"too_small\"…
9:44:53 PM [express] POST /api/resumes 400 in 1ms :: {"message":"[\n  {\n    \"code\": \"too_small\"…
9:44:55 PM [express] POST /api/resumes 400 in 2ms :: {"message":"[\n  {\n    \"code\": \"too_small\"…
9:44:58 PM [express] POST /api/resumes 400 in 1ms :: {"message":"[\n  {\n    \"code\": \"too_small\"…
9:45:01 PM [express] POST /api/resumes 400 in 0ms :: {"message":"[\n  {\n    \"code\": \"too_small\"…
9:45:04 PM [express] POST /api/resumes 400 in 1ms :: {"message":"[\n  {\n    \"code\": \"too_small\"…
9:45:07 PM [express] POST /api/resumes 400 in 0ms :: {"message":"[\n  {\n    \"code\": \"too_small\"…
9:45:10 PM [express] POST /api/resumes 400 in 1ms :: {"message":"[\n  {\n    \"code\": \"too_small\"…
9:45:13 PM [express] POST /api/resumes 400 in 1ms :: {"message":"[\n  {\n    \"code\": \"too_small\"…
9:45:16 PM [express] POST /api/resumes 400 in 2ms :: {"message":"[\n  {\n    \"code\": \"too_small\"…
9:45:19 PM [express] POST /api/resumes 400 in 1ms :: {"message":"[\n  {\n    \"code\": \"too_small\"…
9:45:22 PM [express] POST /api/resumes 400 in 1ms :: {"message":"[\n  {\n    \"code\": \"too_small\"…
9:45:25 PM [express] POST /api/resumes 400 in 1ms :: {"message":"[\n  {\n    \"code\": \"too_small\"…
9:45:28 PM [express] POST /api/resumes 400 in 1ms :: {"message":"[\n  {\n    \"code\": \"too_small\"…
9:45:31 PM [express] POST /api/resumes 400 in 1ms :: {"message":"[\n  {\n    \"code\": \"too_small\"…
9:45:34 PM [express] POST /api/resumes 400 in 1ms :: {"message":"[\n  {\n    \"code\": \"too_small\"…
9:45:37 PM [express] POST /api/resumes 400 in 1ms :: {"message":"[\n  {\n    \"code\": \"too_small\"…
9:45:40 PM [express] POST /api/resumes 400 in 1ms :: {"message":"[\n  {\n    \"code\": \"too_small\"…
9:45:43 PM [express] POST /api/resumes 400 in 1ms :: {"message":"[\n  {\n    \"code\": \"too_small\"…
9:45:46 PM [express] POST /api/resumes 400 in 1ms :: {"message":"[\n  {\n    \"code\": \"too_small\"…
9:45:49 PM [express] POST /api/resumes 400 in 0ms :: {"message":"[\n  {\n    \"code\": \"too_small\"…
9:45:52 PM [express] POST /api/resumes 400 in 1ms :: {"message":"[\n  {\n    \"code\": \"too_small\"…
9:45:55 PM [express] POST /api/resumes 400 in 1ms :: {"message":"[\n  {\n    \"code\": \"too_small\"…
9:45:59 PM [express] POST /api/resumes 400 in 0ms :: {"message":"[\n  {\n    \"code\": \"too_small\"…
9:46:01 PM [express] POST /api/resumes 400 in 1ms :: {"message":"[\n  {\n    \"code\": \"too_small\"…
9:46:04 PM [express] POST /api/resumes 400 in 2ms :: {"message":"[\n  {\n    \"code\": \"too_small\"…
9:46:07 PM [express] POST /api/resumes 400 in 1ms :: {"message":"[\n  {\n    \"code\": \"too_small\"…
9:46:10 PM [express] POST /api/resumes 400 in 0ms :: {"message":"[\n  {\n    \"code\": \"too_small\"…
9:46:13 PM [express] POST /api/resumes 400 in 0ms :: {"message":"[\n  {\n    \"code\": \"too_small\"…
9:46:16 PM [express] POST /api/resumes 400 in 1ms :: {"message":"[\n  {\n    \"code\": \"too_small\"…
9:46:19 PM [express] POST /api/resumes 400 in 1ms :: {"message":"[\n  {\n    \"code\": \"too_small\"…
9:46:22 PM [express] POST /api/resumes 400 in 1ms :: {"message":"[\n  {\n    \"code\": \"too_small\"…
9:46:25 PM [express] POST /api/resumes 400 in 1ms :: {"message":"[\n  {\n    \"code\": \"too_small\"…
9:46:28 PM [express] POST /api/resumes 400 in 1ms :: {"message":"[\n  {\n    \"code\": \"too_small\"…
9:46:31 PM [express] POST /api/resumes 400 in 0ms :: {"message":"[\n  {\n    \"code\": \"too_small\"…
9:46:34 PM [express] POST /api/resumes 400 in 1ms :: {"message":"[\n  {\n    \"code\": \"too_small\"…
9:46:37 PM [express] POST /api/resumes 400 in 1ms :: {"message":"[\n  {\n    \"code\": \"too_small\"…
9:46:40 PM [express] POST /api/resumes 400 in 0ms :: {"message":"[\n  {\n    \"code\": \"too_small\"…
9:46:43 PM [express] POST /api/resumes 400 in 1ms :: {"message":"[\n  {\n    \"code\": \"too_small\"…
9:46:46 PM [express] POST /api/resumes 400 in 1ms :: {"message":"[\n  {\n    \"code\": \"too_small\"…
9:46:49 PM [express] POST /api/resumes 400 in 2ms :: {"message":"[\n  {\n    \"code\": \"too_small\"…
9:46:52 PM [express] POST /api/resumes 400 in 1ms :: {"message":"[\n  {\n    \"code\": \"too_small\"…
9:46:55 PM [express] POST /api/resumes 400 in 0ms :: {"message":"[\n  {\n    \"code\": \"too_small\"…
9:46:58 PM [express] POST /api/resumes 400 in 1ms :: {"message":"[\n  {\n    \"code\": \"too_small\"…
9:47:01 PM [express] POST /api/resumes 400 in 1ms :: {"message":"[\n  {\n    \"code\": \"too_small\"…
9:47:04 PM [express] POST /api/resumes 400 in 1ms :: {"message":"[\n  {\n    \"code\": \"too_small\"…
9:47:07 PM [express] POST /api/resumes 400 in 1ms :: {"message":"[\n  {\n    \"code\": \"too_small\"…
9:47:10 PM [express] POST /api/resumes 400 in 1ms :: {"message":"[\n  {\n    \"code\": \"too_small\"…
9:47:13 PM [express] POST /api/resumes 400 in 1ms :: {"message":"[\n  {\n    \"code\": \"too_small\"…
9:47:16 PM [express] POST /api/resumes 400 in 1ms :: {"message":"[\n  {\n    \"code\": \"too_small\"…
9:47:19 PM [express] POST /api/resumes 400 in 1ms :: {"message":"[\n  {\n    \"code\": \"too_small\"…
9:47:22 PM [express] POST /api/resumes 400 in 0ms :: {"message":"[\n  {\n    \"code\": \"too_small\"…
9:47:25 PM [express] POST /api/resumes 400 in 0ms :: {"message":"[\n  {\n    \"code\": \"too_small\"…
9:47:28 PM [express] POST /api/resumes 400 in 1ms :: {"message":"[\n  {\n    \"code\": \"too_small\"…
9:47:31 PM [express] POST /api/resumes 400 in 1ms :: {"message":"[\n  {\n    \"code\": \"too_small\"…
9:47:34 PM [express] POST /api/resumes 400 in 0ms :: {"message":"[\n  {\n    \"code\": \"too_small\"…
9:47:37 PM [express] POST /api/resumes 400 in 1ms :: {"message":"[\n  {\n    \"code\": \"too_small\"…
9:47:40 PM [express] POST /api/resumes 400 in 1ms :: {"message":"[\n  {\n    \"code\": \"too_small\"…
9:47:43 PM [express] POST /api/resumes 400 in 0ms :: {"message":"[\n  {\n    \"code\": \"too_small\"…
9:47:45 PM [express] POST /api/resumes 400 in 0ms :: {"message":"[\n  {\n    \"code\": \"too_small\"…
9:47:48 PM [express] POST /api/resumes 400 in 0ms :: {"message":"[\n  {\n    \"code\": \"too_small\"…
9:47:51 PM [express] POST /api/resumes 400 in 0ms :: {"message":"[\n  {\n    \"code\": \"too_small\"…
9:47:54 PM [express] POST /api/resumes 400 in 0ms :: {"message":"[\n  {\n    \"code\": \"too_small\"…
9:47:57 PM [express] POST /api/resumes 400 in 0ms :: {"message":"[\n  {\n    \"code\": \"too_small\"…
9:48:00 PM [express] POST /api/resumes 400 in 1ms :: {"message":"[\n  {\n    \"code\": \"too_small\"…
9:48:03 PM [express] POST /api/resumes 400 in 1ms :: {"message":"[\n  {\n    \"code\": \"too_small\"…
9:48:06 PM [express] POST /api/resumes 400 in 0ms :: {"message":"[\n  {\n    \"code\": \"too_small\"…
9:48:09 PM [express] POST /api/resumes 400 in 0ms :: {"message":"[\n  {\n    \"code\": \"too_small\"…
9:48:12 PM [express] POST /api/resumes 400 in 0ms :: {"message":"[\n  {\n    \"code\": \"too_small\"…
9:48:15 PM [express] POST /api/resumes 400 in 1ms :: {"message":"[\n  {\n    \"code\": \"too_small\"…
9:48:18 PM [express] POST /api/resumes 400 in 1ms :: {"message":"[\n  {\n    \"code\": \"too_small\"…
9:48:21 PM [express] POST /api/resumes 400 in 0ms :: {"message":"[\n  {\n    \"code\": \"too_small\"…
9:48:24 PM [express] POST /api/resumes 400 in 2ms :: {"message":"[\n  {\n    \"code\": \"too_small\"…
9:48:27 PM [express] POST /api/resumes 400 in 1ms :: {"message":"[\n  {\n    \"code\": \"too_small\"…
9:48:30 PM [express] POST /api/resumes 400 in 0ms :: {"message":"[\n  {\n    \"code\": \"too_small\"…
9:48:33 PM [express] POST /api/resumes 400 in 1ms :: {"message":"[\n  {\n    \"code\": \"too_small\"…
9:48:36 PM [express] POST /api/resumes 400 in 1ms :: {"message":"[\n  {\n    \"code\": \"too_small\"…
9:48:39 PM [express] POST /api/resumes 400 in 1ms :: {"message":"[\n  {\n    \"code\": \"too_small\"…
